<?xml version="1.0" encoding="UTF-8"?>
<testng-results ignored="0" total="4" passed="4" failed="0" skipped="0">
  <reporter-output>
    <line>
      <![CDATA[hello java]]>
    </line>
    <line>
      <![CDATA[java selenium]]>
    </line>
    <line>
      <![CDATA[hello python]]>
    </line>
    <line>
      <![CDATA[python selenium]]>
    </line>
  </reporter-output>
  <suite started-at="2022-06-14T12:32:00 IST" name="Suite" finished-at="2022-06-14T12:32:00 IST" duration-ms="104">
    <groups>
    </groups>
    <test started-at="2022-06-14T12:32:00 IST" name="Test" finished-at="2022-06-14T12:32:00 IST" duration-ms="104">
      <class name="jenkins.Test4">
        <test-method signature="tc1()[pri:0, instance:jenkins.Test4@193f604a]" started-at="2022-06-14T12:32:00 IST" name="tc1" finished-at="2022-06-14T12:32:00 IST" duration-ms="2" status="PASS">
          <reporter-output>
            <line>
              <![CDATA[python selenium]]>
            </line>
          </reporter-output>
        </test-method> <!-- tc1 -->
      </class> <!-- jenkins.Test4 -->
      <class name="jenkins.Test3">
        <test-method signature="tc3()[pri:0, instance:jenkins.Test3@223aa2f7]" started-at="2022-06-14T12:32:00 IST" name="tc3" finished-at="2022-06-14T12:32:00 IST" duration-ms="2" status="PASS">
          <reporter-output>
            <line>
              <![CDATA[java selenium]]>
            </line>
          </reporter-output>
        </test-method> <!-- tc3 -->
      </class> <!-- jenkins.Test3 -->
      <class name="jenkins.Test2">
        <test-method signature="tc2()[pri:0, instance:jenkins.Test2@6d3a388c]" started-at="2022-06-14T12:32:00 IST" name="tc2" finished-at="2022-06-14T12:32:00 IST" duration-ms="2" status="PASS">
          <reporter-output>
            <line>
              <![CDATA[hello python]]>
            </line>
          </reporter-output>
        </test-method> <!-- tc2 -->
      </class> <!-- jenkins.Test2 -->
      <class name="jenkins.Test1">
        <test-method signature="tc1()[pri:0, instance:jenkins.Test1@1ba9117e]" started-at="2022-06-14T12:32:00 IST" name="tc1" finished-at="2022-06-14T12:32:00 IST" duration-ms="23" status="PASS">
          <reporter-output>
            <line>
              <![CDATA[hello java]]>
            </line>
          </reporter-output>
        </test-method> <!-- tc1 -->
      </class> <!-- jenkins.Test1 -->
    </test> <!-- Test -->
  </suite> <!-- Suite -->
</testng-results>
