<?xml version="1.0" encoding="UTF-8"?>
<!-- Generated by org.testng.reporters.JUnitXMLReporter -->
<testsuite ignored="0" hostname="DESKTOP-2Q2283T" failures="0" tests="4" name="Test" time="0.104" errors="0" timestamp="2022-06-14T12:32:01 IST">
  <testcase classname="jenkins.Test1" name="tc1" time="0.023"/>
  <testcase classname="jenkins.Test3" name="tc3" time="0.002"/>
  <testcase classname="jenkins.Test2" name="tc2" time="0.002"/>
  <testcase classname="jenkins.Test4" name="tc1" time="0.002"/>
</testsuite> <!-- Test -->
